Added Component: Designator=b1(bat_pads)
Added Component: Designator=C1(FP-C1608-080-0_1-MFG)
Add component (AddParameter): Name = "Capacitance"; Value = "10uF"; VariantName = "[No Variations]"
Add component (AddParameter): Name = "Case Code (Imperial)"; Value = "0603"; VariantName = "[No Variations]"
Add component (AddParameter): Name = "Case Code (Metric)"; Value = "1608"; VariantName = "[No Variations]"
Add component (AddParameter): Name = "Case/Package"; Value = "0603"; VariantName = "[No Variations]"
Add component (AddParameter): Name = "Construction"; Value = "Flat"; VariantName = "[No Variations]"
Add component (AddParameter): Name = "Depth"; Value = "0.8mm"; VariantName = "[No Variations]"
Add component (AddParameter): Name = "Dielectric"; Value = "X5R"; VariantName = "[No Variations]"
Add component (AddParameter): Name = "Dielectric Material"; Value = "Ceramic"; VariantName = "[No Variations]"
Add component (AddParameter): Name = "Height"; Value = "0.8mm"; VariantName = "[No Variations]"
Add component (AddParameter): Name = "Lead Free"; Value = "Lead Free"; VariantName = "[No Variations]"
Add component (AddParameter): Name = "Length"; Value = "1.6mm"; VariantName = "[No Variations]"
Add component (AddParameter): Name = "Max Operating Temperature"; Value = "85°C"; VariantName = "[No Variations]"
Add component (AddParameter): Name = "Min Operating Temperature"; Value = "-55°C"; VariantName = "[No Variations]"
Add component (AddParameter): Name = "Mount"; Value = "Surface Mount"; VariantName = "[No Variations]"
Add component (AddParameter): Name = "Number of Pins"; Value = "2"; VariantName = "[No Variations]"
Add component (AddParameter): Name = "Package Quantity"; Value = "1"; VariantName = "[No Variations]"
Add component (AddParameter): Name = "Packaging"; Value = "Tape and Reel"; VariantName = "[No Variations]"
Add component (AddParameter): Name = "Radiation Hardening"; Value = "No"; VariantName = "[No Variations]"
Add component (AddParameter): Name = "REACH SVHC"; Value = "No SVHC"; VariantName = "[No Variations]"
Add component (AddParameter): Name = "Resistor Type"; Value = "Ceramic"; VariantName = "[No Variations]"
Add component (AddParameter): Name = "RoHS Compliant"; Value = "Yes"; VariantName = "[No Variations]"
Add component (AddParameter): Name = "Series"; Value = "C"; VariantName = "[No Variations]"
Add component (AddParameter): Name = "Termination"; Value = "SMD/SMT"; VariantName = "[No Variations]"
Add component (AddParameter): Name = "Thickness"; Value = "0.035inch"; VariantName = "[No Variations]"
Add component (AddParameter): Name = "Tolerance"; Value = "10%"; VariantName = "[No Variations]"
Add component (AddParameter): Name = "Voltage"; Value = "10V"; VariantName = "[No Variations]"
Add component (AddParameter): Name = "Voltage Rating"; Value = "10V"; VariantName = "[No Variations]"
Add component (AddParameter): Name = "Voltage Rating (DC)"; Value = "10V"; VariantName = "[No Variations]"
Add component (AddParameter): Name = "Weight"; Value = "7.1E-05oz"; VariantName = "[No Variations]"
Add component (AddParameter): Name = "Width"; Value = "0.8mm"; VariantName = "[No Variations]"
Added Component: Designator=C2(FP-CGA3E-0_3-0_1-IPC_A)
Add component (AddParameter): Name = "Capacitance"; Value = "100nF"; VariantName = "[No Variations]"
Add component (AddParameter): Name = "Case Code (Imperial)"; Value = "0603"; VariantName = "[No Variations]"
Add component (AddParameter): Name = "Case Code (Metric)"; Value = "1608"; VariantName = "[No Variations]"
Add component (AddParameter): Name = "Case/Package"; Value = "0603"; VariantName = "[No Variations]"
Add component (AddParameter): Name = "Composition"; Value = "Ceramic"; VariantName = "[No Variations]"
Add component (AddParameter): Name = "Depth"; Value = "0.8mm"; VariantName = "[No Variations]"
Add component (AddParameter): Name = "Dielectric"; Value = "X7R"; VariantName = "[No Variations]"
Add component (AddParameter): Name = "Height"; Value = "0.8mm"; VariantName = "[No Variations]"
Add component (AddParameter): Name = "Lead Free"; Value = "Lead Free"; VariantName = "[No Variations]"
Add component (AddParameter): Name = "Length"; Value = "1.6mm"; VariantName = "[No Variations]"
Add component (AddParameter): Name = "Max Operating Temperature"; Value = "125°C"; VariantName = "[No Variations]"
Add component (AddParameter): Name = "Min Operating Temperature"; Value = "-55°C"; VariantName = "[No Variations]"
Add component (AddParameter): Name = "Mount"; Value = "Surface Mount"; VariantName = "[No Variations]"
Add component (AddParameter): Name = "Package Quantity"; Value = "1"; VariantName = "[No Variations]"
Add component (AddParameter): Name = "Packaging"; Value = "Tape and Reel"; VariantName = "[No Variations]"
Add component (AddParameter): Name = "Radiation Hardening"; Value = "No"; VariantName = "[No Variations]"
Add component (AddParameter): Name = "Ratings"; Value = "AEC-Q200"; VariantName = "[No Variations]"
Add component (AddParameter): Name = "REACH SVHC"; Value = "No SVHC"; VariantName = "[No Variations]"
Add component (AddParameter): Name = "Termination"; Value = "SMD/SMT"; VariantName = "[No Variations]"
Add component (AddParameter): Name = "Thickness"; Value = "0.035inch"; VariantName = "[No Variations]"
Add component (AddParameter): Name = "Tolerance"; Value = "10%"; VariantName = "[No Variations]"
Add component (AddParameter): Name = "Voltage"; Value = "50V"; VariantName = "[No Variations]"
Add component (AddParameter): Name = "Voltage Rating"; Value = "50V"; VariantName = "[No Variations]"
Add component (AddParameter): Name = "Voltage Rating (DC)"; Value = "50V"; VariantName = "[No Variations]"
Add component (AddParameter): Name = "Weight"; Value = "7.1E-05oz"; VariantName = "[No Variations]"
Add component (AddParameter): Name = "Width"; Value = "0.8mm"; VariantName = "[No Variations]"
Added Component: Designator=C3(FP-C1608-080-0_1-MFG)
Add component (AddParameter): Name = "Capacitance"; Value = "10uF"; VariantName = "[No Variations]"
Add component (AddParameter): Name = "Case Code (Imperial)"; Value = "0603"; VariantName = "[No Variations]"
Add component (AddParameter): Name = "Case Code (Metric)"; Value = "1608"; VariantName = "[No Variations]"
Add component (AddParameter): Name = "Case/Package"; Value = "0603"; VariantName = "[No Variations]"
Add component (AddParameter): Name = "Construction"; Value = "Flat"; VariantName = "[No Variations]"
Add component (AddParameter): Name = "Depth"; Value = "0.8mm"; VariantName = "[No Variations]"
Add component (AddParameter): Name = "Dielectric"; Value = "X5R"; VariantName = "[No Variations]"
Add component (AddParameter): Name = "Dielectric Material"; Value = "Ceramic"; VariantName = "[No Variations]"
Add component (AddParameter): Name = "Height"; Value = "0.8mm"; VariantName = "[No Variations]"
Add component (AddParameter): Name = "Lead Free"; Value = "Lead Free"; VariantName = "[No Variations]"
Add component (AddParameter): Name = "Length"; Value = "1.6mm"; VariantName = "[No Variations]"
Add component (AddParameter): Name = "Max Operating Temperature"; Value = "85°C"; VariantName = "[No Variations]"
Add component (AddParameter): Name = "Min Operating Temperature"; Value = "-55°C"; VariantName = "[No Variations]"
Add component (AddParameter): Name = "Mount"; Value = "Surface Mount"; VariantName = "[No Variations]"
Add component (AddParameter): Name = "Number of Pins"; Value = "2"; VariantName = "[No Variations]"
Add component (AddParameter): Name = "Package Quantity"; Value = "1"; VariantName = "[No Variations]"
Add component (AddParameter): Name = "Packaging"; Value = "Tape and Reel"; VariantName = "[No Variations]"
Add component (AddParameter): Name = "Radiation Hardening"; Value = "No"; VariantName = "[No Variations]"
Add component (AddParameter): Name = "REACH SVHC"; Value = "No SVHC"; VariantName = "[No Variations]"
Add component (AddParameter): Name = "Resistor Type"; Value = "Ceramic"; VariantName = "[No Variations]"
Add component (AddParameter): Name = "RoHS Compliant"; Value = "Yes"; VariantName = "[No Variations]"
Add component (AddParameter): Name = "Series"; Value = "C"; VariantName = "[No Variations]"
Add component (AddParameter): Name = "Termination"; Value = "SMD/SMT"; VariantName = "[No Variations]"
Add component (AddParameter): Name = "Thickness"; Value = "0.035inch"; VariantName = "[No Variations]"
Add component (AddParameter): Name = "Tolerance"; Value = "10%"; VariantName = "[No Variations]"
Add component (AddParameter): Name = "Voltage"; Value = "10V"; VariantName = "[No Variations]"
Add component (AddParameter): Name = "Voltage Rating"; Value = "10V"; VariantName = "[No Variations]"
Add component (AddParameter): Name = "Voltage Rating (DC)"; Value = "10V"; VariantName = "[No Variations]"
Add component (AddParameter): Name = "Weight"; Value = "7.1E-05oz"; VariantName = "[No Variations]"
Add component (AddParameter): Name = "Width"; Value = "0.8mm"; VariantName = "[No Variations]"
Added Component: Designator=C4(FP-C1608-080-0_1-MFG)
Add component (AddParameter): Name = "Capacitance"; Value = "10uF"; VariantName = "[No Variations]"
Add component (AddParameter): Name = "Case Code (Imperial)"; Value = "0603"; VariantName = "[No Variations]"
Add component (AddParameter): Name = "Case Code (Metric)"; Value = "1608"; VariantName = "[No Variations]"
Add component (AddParameter): Name = "Case/Package"; Value = "0603"; VariantName = "[No Variations]"
Add component (AddParameter): Name = "Construction"; Value = "Flat"; VariantName = "[No Variations]"
Add component (AddParameter): Name = "Depth"; Value = "0.8mm"; VariantName = "[No Variations]"
Add component (AddParameter): Name = "Dielectric"; Value = "X5R"; VariantName = "[No Variations]"
Add component (AddParameter): Name = "Dielectric Material"; Value = "Ceramic"; VariantName = "[No Variations]"
Add component (AddParameter): Name = "Height"; Value = "0.8mm"; VariantName = "[No Variations]"
Add component (AddParameter): Name = "Lead Free"; Value = "Lead Free"; VariantName = "[No Variations]"
Add component (AddParameter): Name = "Length"; Value = "1.6mm"; VariantName = "[No Variations]"
Add component (AddParameter): Name = "Max Operating Temperature"; Value = "85°C"; VariantName = "[No Variations]"
Add component (AddParameter): Name = "Min Operating Temperature"; Value = "-55°C"; VariantName = "[No Variations]"
Add component (AddParameter): Name = "Mount"; Value = "Surface Mount"; VariantName = "[No Variations]"
Add component (AddParameter): Name = "Number of Pins"; Value = "2"; VariantName = "[No Variations]"
Add component (AddParameter): Name = "Package Quantity"; Value = "1"; VariantName = "[No Variations]"
Add component (AddParameter): Name = "Packaging"; Value = "Tape and Reel"; VariantName = "[No Variations]"
Add component (AddParameter): Name = "Radiation Hardening"; Value = "No"; VariantName = "[No Variations]"
Add component (AddParameter): Name = "REACH SVHC"; Value = "No SVHC"; VariantName = "[No Variations]"
Add component (AddParameter): Name = "Resistor Type"; Value = "Ceramic"; VariantName = "[No Variations]"
Add component (AddParameter): Name = "RoHS Compliant"; Value = "Yes"; VariantName = "[No Variations]"
Add component (AddParameter): Name = "Series"; Value = "C"; VariantName = "[No Variations]"
Add component (AddParameter): Name = "Termination"; Value = "SMD/SMT"; VariantName = "[No Variations]"
Add component (AddParameter): Name = "Thickness"; Value = "0.035inch"; VariantName = "[No Variations]"
Add component (AddParameter): Name = "Tolerance"; Value = "10%"; VariantName = "[No Variations]"
Add component (AddParameter): Name = "Voltage"; Value = "10V"; VariantName = "[No Variations]"
Add component (AddParameter): Name = "Voltage Rating"; Value = "10V"; VariantName = "[No Variations]"
Add component (AddParameter): Name = "Voltage Rating (DC)"; Value = "10V"; VariantName = "[No Variations]"
Add component (AddParameter): Name = "Weight"; Value = "7.1E-05oz"; VariantName = "[No Variations]"
Add component (AddParameter): Name = "Width"; Value = "0.8mm"; VariantName = "[No Variations]"
Added Component: Designator=C5(GeneralCap)
Add component (AddParameter): Name = "C"; Value = "0.1u"; VariantName = "[No Variations]"
Added Component: Designator=C6(GeneralCap)
Add component (AddParameter): Name = "C"; Value = "47n"; VariantName = "[No Variations]"
Added Component: Designator=C7(GeneralCap)
Add component (AddParameter): Name = "C"; Value = "6.8n"; VariantName = "[No Variations]"
Added Component: Designator=C8(GeneralCap)
Add component (AddParameter): Name = "C"; Value = "0.68u"; VariantName = "[No Variations]"
Added Component: Designator=C9(GeneralCap)
Add component (AddParameter): Name = "C"; Value = "68n"; VariantName = "[No Variations]"
Added Component: Designator=C10(GeneralCap)
Add component (AddParameter): Name = "C"; Value = "68n"; VariantName = "[No Variations]"
Added Component: Designator=C11(GeneralCap)
Add component (AddParameter): Name = "C"; Value = "10n"; VariantName = "[No Variations]"
Added Component: Designator=C12(GeneralCap)
Add component (AddParameter): Name = "C"; Value = "0.1u"; VariantName = "[No Variations]"
Added Component: Designator=C13(GeneralCap)
Add component (AddParameter): Name = "C"; Value = "0.1u"; VariantName = "[No Variations]"
Added Component: Designator=C14(GeneralCap)
Add component (AddParameter): Name = "C"; Value = "22u"; VariantName = "[No Variations]"
Added Component: Designator=C15(GeneralCap)
Add component (AddParameter): Name = "C"; Value = "0.1u"; VariantName = "[No Variations]"
Added Component: Designator=C16(GeneralCap)
Add component (AddParameter): Name = "C"; Value = "0.1u"; VariantName = "[No Variations]"
Added Component: Designator=C17(GeneralCap)
Add component (AddParameter): Name = "C"; Value = "22u"; VariantName = "[No Variations]"
Added Component: Designator=C18(GeneralCap)
Add component (AddParameter): Name = "C"; Value = "22u"; VariantName = "[No Variations]"
Added Component: Designator=C19(GeneralCap)
Add component (AddParameter): Name = "C"; Value = "100n"; VariantName = "[No Variations]"
Added Component: Designator=C20(GeneralCap)
Add component (AddParameter): Name = "C"; Value = "10u"; VariantName = "[No Variations]"
Added Component: Designator=C21(GeneralCap)
Add component (AddParameter): Name = "C"; Value = "10u"; VariantName = "[No Variations]"
Added Component: Designator=C22(GeneralCap)
Add component (AddParameter): Name = "C"; Value = "22u"; VariantName = "[No Variations]"
Added Component: Designator=C23(GeneralCap)
Add component (AddParameter): Name = "C"; Value = "0.1u"; VariantName = "[No Variations]"
Added Component: Designator=D1(SOT95P280X145-6N)
Add component (AddParameter): Name = "Availability"; Value = "In Stock"; VariantName = "[No Variations]"
Add component (AddParameter): Name = "Check_prices"; Value = "https://www.snapeda.com/parts/ESDA6V1BC6/STMicroelectronics/view-part/?ref=eda"; VariantName = "[No Variations]"
Add component (AddParameter): Name = "MF"; Value = "STMicroelectronics"; VariantName = "[No Variations]"
Add component (AddParameter): Name = "MP"; Value = "ESDA6V1BC6"; VariantName = "[No Variations]"
Add component (AddParameter): Name = "Package"; Value = "SOT-23-6 STMicroelectronics"; VariantName = "[No Variations]"
Add component (AddParameter): Name = "Price"; Value = "None"; VariantName = "[No Variations]"
Add component (AddParameter): Name = "Purchase-URL"; Value = "https://pricing.snapeda.com/search/part/ESDA6V1BC6/?ref=eda"; VariantName = "[No Variations]"
Add component (AddParameter): Name = "SnapEDA_Link"; Value = "https://www.snapeda.com/parts/ESDA6V1BC6/STMicroelectronics/view-part/?ref=snap"; VariantName = "[No Variations]"
Add component (AddParameter): Name = "Value"; Value = ""; VariantName = "[No Variations]"
Added Component: Designator=e1(electrode)
Added Component: Designator=J1(GCT_USB4105-GF-A-120)
Add component (AddParameter): Name = "Check_prices"; Value = "https://www.snapeda.com/parts/USB4105GFA120/Global+Connector+Technology/view-part/?ref=eda"; VariantName = "[No Variations]"
Add component (AddParameter): Name = "MF"; Value = "Global Connector Technology"; VariantName = "[No Variations]"
Add component (AddParameter): Name = "MP"; Value = "USB4105GFA120"; VariantName = "[No Variations]"
Add component (AddParameter): Name = "Package"; Value = "None"; VariantName = "[No Variations]"
Add component (AddParameter): Name = "SnapEDA_Link"; Value = "https://www.snapeda.com/parts/USB4105GFA120/Global+Connector+Technology/view-part/?ref=snap"; VariantName = "[No Variations]"
Add component (AddParameter): Name = "Value"; Value = ""; VariantName = "[No Variations]"
Added Component: Designator=J2(SOT95P280X145-5N)
Add component (AddParameter): Name = "Availability"; Value = "In Stock"; VariantName = "[No Variations]"
Add component (AddParameter): Name = "Check_prices"; Value = "https://www.snapeda.com/parts/MCP73831T-2ACI/OT/Microchip/view-part/?ref=eda"; VariantName = "[No Variations]"
Add component (AddParameter): Name = "MF"; Value = "Microchip"; VariantName = "[No Variations]"
Add component (AddParameter): Name = "MP"; Value = "MCP73831T-2ACI/OT"; VariantName = "[No Variations]"
Add component (AddParameter): Name = "Package"; Value = "SOT-23 Microchip"; VariantName = "[No Variations]"
Add component (AddParameter): Name = "Price"; Value = "None"; VariantName = "[No Variations]"
Add component (AddParameter): Name = "Purchase-URL"; Value = "https://pricing.snapeda.com/search/part/MCP73831T-2ACI/OT/?ref=eda"; VariantName = "[No Variations]"
Add component (AddParameter): Name = "SnapEDA_Link"; Value = "https://www.snapeda.com/parts/MCP73831T-2ACI/OT/Microchip/view-part/?ref=snap"; VariantName = "[No Variations]"
Add component (AddParameter): Name = "Value"; Value = ""; VariantName = "[No Variations]"
Added Component: Designator=L1(FP-DFE252012C-IPC_A)
Add component (AddParameter): Name = "Case Code (Imperial)"; Value = "1008"; VariantName = "[No Variations]"
Add component (AddParameter): Name = "Case Code (Metric)"; Value = "2520"; VariantName = "[No Variations]"
Add component (AddParameter): Name = "Case/Package"; Value = "1008"; VariantName = "[No Variations]"
Add component (AddParameter): Name = "Core Material"; Value = "Ferrite"; VariantName = "[No Variations]"
Add component (AddParameter): Name = "Current Rating"; Value = "1.5A"; VariantName = "[No Variations]"
Add component (AddParameter): Name = "DC Resistance (DCR)"; Value = "240mR"; VariantName = "[No Variations]"
Add component (AddParameter): Name = "Height - Seated (Max)"; Value = "0.047inch"; VariantName = "[No Variations]"
Add component (AddParameter): Name = "Inductance"; Value = "4.7uH"; VariantName = "[No Variations]"
Add component (AddParameter): Name = "Length"; Value = "0.098inch"; VariantName = "[No Variations]"
Add component (AddParameter): Name = "Max Operating Temperature"; Value = "85°C"; VariantName = "[No Variations]"
Add component (AddParameter): Name = "Min Operating Temperature"; Value = "-40°C"; VariantName = "[No Variations]"
Add component (AddParameter): Name = "Mount"; Value = "Surface Mount"; VariantName = "[No Variations]"
Add component (AddParameter): Name = "Packaging"; Value = "Tape and Reel"; VariantName = "[No Variations]"
Add component (AddParameter): Name = "Resistor Type"; Value = "Wirewound"; VariantName = "[No Variations]"
Add component (AddParameter): Name = "Shielding"; Value = "Shielded"; VariantName = "[No Variations]"
Add component (AddParameter): Name = "Test Frequency"; Value = "1MHz"; VariantName = "[No Variations]"
Add component (AddParameter): Name = "Tolerance"; Value = "20%"; VariantName = "[No Variations]"
Add component (AddParameter): Name = "Width"; Value = "0.079inch"; VariantName = "[No Variations]"
Added Component: Designator=L2(FP-DFE252012C-IPC_A)
Add component (AddParameter): Name = "Case Code (Imperial)"; Value = "1008"; VariantName = "[No Variations]"
Add component (AddParameter): Name = "Case Code (Metric)"; Value = "2520"; VariantName = "[No Variations]"
Add component (AddParameter): Name = "Case/Package"; Value = "1008"; VariantName = "[No Variations]"
Add component (AddParameter): Name = "Core Material"; Value = "Ferrite"; VariantName = "[No Variations]"
Add component (AddParameter): Name = "Current Rating"; Value = "1.5A"; VariantName = "[No Variations]"
Add component (AddParameter): Name = "DC Resistance (DCR)"; Value = "240mR"; VariantName = "[No Variations]"
Add component (AddParameter): Name = "Height - Seated (Max)"; Value = "0.047inch"; VariantName = "[No Variations]"
Add component (AddParameter): Name = "Inductance"; Value = "4.7uH"; VariantName = "[No Variations]"
Add component (AddParameter): Name = "Length"; Value = "0.098inch"; VariantName = "[No Variations]"
Add component (AddParameter): Name = "Max Operating Temperature"; Value = "85°C"; VariantName = "[No Variations]"
Add component (AddParameter): Name = "Min Operating Temperature"; Value = "-40°C"; VariantName = "[No Variations]"
Add component (AddParameter): Name = "Mount"; Value = "Surface Mount"; VariantName = "[No Variations]"
Add component (AddParameter): Name = "Packaging"; Value = "Tape and Reel"; VariantName = "[No Variations]"
Add component (AddParameter): Name = "Resistor Type"; Value = "Wirewound"; VariantName = "[No Variations]"
Add component (AddParameter): Name = "Shielding"; Value = "Shielded"; VariantName = "[No Variations]"
Add component (AddParameter): Name = "Test Frequency"; Value = "1MHz"; VariantName = "[No Variations]"
Add component (AddParameter): Name = "Tolerance"; Value = "20%"; VariantName = "[No Variations]"
Add component (AddParameter): Name = "Width"; Value = "0.079inch"; VariantName = "[No Variations]"
Added Component: Designator=L3(IND_XFL4020_COC)
Add component (AddParameter): Name = "Mfr_Name"; Value = "Coilcraft"; VariantName = "[No Variations]"
Add component (AddParameter): Name = "RefDes"; Value = ""; VariantName = "[No Variations]"
Add component (AddParameter): Name = "Type"; Value = "Fixed Inductors"; VariantName = "[No Variations]"
Added Component: Designator=led1(GeneralCap)
Add component (AddParameter): Name = "C"; Value = "?"; VariantName = "[No Variations]"
Added Component: Designator=led2(GeneralCap)
Add component (AddParameter): Name = "C"; Value = "?"; VariantName = "[No Variations]"
Added Component: Designator=led3(GeneralCap)
Add component (AddParameter): Name = "C"; Value = "?"; VariantName = "[No Variations]"
Added Component: Designator=led4(GeneralCap)
Add component (AddParameter): Name = "C"; Value = "?"; VariantName = "[No Variations]"
Added Component: Designator=led5(GeneralCap)
Add component (AddParameter): Name = "C"; Value = "?"; VariantName = "[No Variations]"
Added Component: Designator=P2(61302011121)
Add component (AddParameter): Name = "Color"; Value = "Black"; VariantName = "[No Variations]"
Add component (AddParameter): Name = "Connector Type"; Value = "Male Pin"; VariantName = "[No Variations]"
Add component (AddParameter): Name = "Contact Material"; Value = "Copper"; VariantName = "[No Variations]"
Add component (AddParameter): Name = "Contact Mating Length"; Value = "5.9944mm"; VariantName = "[No Variations]"
Add component (AddParameter): Name = "Contact Plating"; Value = "Gold"; VariantName = "[No Variations]"
Add component (AddParameter): Name = "Contact Resistance"; Value = "20mO"; VariantName = "[No Variations]"
Add component (AddParameter): Name = "Current Rating"; Value = "3A"; VariantName = "[No Variations]"
Add component (AddParameter): Name = "Gender"; Value = "Male"; VariantName = "[No Variations]"
Add component (AddParameter): Name = "Lead Pitch"; Value = "2.54mm"; VariantName = "[No Variations]"
Add component (AddParameter): Name = "Mount"; Value = "Through Hole"; VariantName = "[No Variations]"
Add component (AddParameter): Name = "NexarPartId"; Value = "32855554"; VariantName = "[No Variations]"
Add component (AddParameter): Name = "Number of Contacts"; Value = "20"; VariantName = "[No Variations]"
Add component (AddParameter): Name = "Number of Pins"; Value = "20"; VariantName = "[No Variations]"
Add component (AddParameter): Name = "Number of Positions"; Value = "20"; VariantName = "[No Variations]"
Add component (AddParameter): Name = "Number of Rows"; Value = "1"; VariantName = "[No Variations]"
Add component (AddParameter): Name = "Operating Supply Voltage"; Value = "250V"; VariantName = "[No Variations]"
Add component (AddParameter): Name = "Orientation"; Value = "Vertical"; VariantName = "[No Variations]"
Add component (AddParameter): Name = "Packaging"; Value = "Bulk"; VariantName = "[No Variations]"
Add component (AddParameter): Name = "Pitch"; Value = "2.54mm"; VariantName = "[No Variations]"
Add component (AddParameter): Name = "REACH SVHC"; Value = "Unknown"; VariantName = "[No Variations]"
Add component (AddParameter): Name = "RoHS"; Value = "Compliant"; VariantName = "[No Variations]"
Add component (AddParameter): Name = "Termination"; Value = "Solder"; VariantName = "[No Variations]"
Added Component: Designator=R1(RESC1608X55X25ML10T15)
Add component (AddParameter): Name = "Case Code (Imperial)"; Value = "0603"; VariantName = "[No Variations]"
Add component (AddParameter): Name = "Case Code (Metric)"; Value = "1608"; VariantName = "[No Variations]"
Add component (AddParameter): Name = "Case/Package"; Value = "0603"; VariantName = "[No Variations]"
Add component (AddParameter): Name = "Composition"; Value = "ThickFilm"; VariantName = "[No Variations]"
Add component (AddParameter): Name = "Contact Plating"; Value = "Tin"; VariantName = "[No Variations]"
Add component (AddParameter): Name = "Datasheet URL"; Value = "http://www.yageo.com/NewPortal/yageodocoutput?fileName=/pdf/R-Chip/PYu-RC_Group_51_RoHS_L_5.pdf"; VariantName = "[No Variations]"
Add component (AddParameter): Name = "Datasheet Version"; Value = "Rev. 5, 10/2016"; VariantName = "[No Variations]"
Add component (AddParameter): Name = "Depth"; Value = "0.8mm"; VariantName = "[No Variations]"
Add component (AddParameter): Name = "Height"; Value = "0.45mm"; VariantName = "[No Variations]"
Add component (AddParameter): Name = "Lead Free"; Value = "LeadFree"; VariantName = "[No Variations]"
Add component (AddParameter): Name = "Length"; Value = "1.6mm"; VariantName = "[No Variations]"
Add component (AddParameter): Name = "Manufacturer"; Value = "Yageo"; VariantName = "[No Variations]"
Add component (AddParameter): Name = "Manufacturer URL"; Value = "http://www.yageo.com/"; VariantName = "[No Variations]"
Add component (AddParameter): Name = "Max Operating Temperature"; Value = "155degC"; VariantName = "[No Variations]"
Add component (AddParameter): Name = "Military Standard"; Value = "Not"; VariantName = "[No Variations]"
Add component (AddParameter): Name = "Min Operating Temperature"; Value = "-55degC"; VariantName = "[No Variations]"
Add component (AddParameter): Name = "Number of Pins"; Value = "2"; VariantName = "[No Variations]"
Add component (AddParameter): Name = "Package Description"; Value = "2-Pin Surface Mount Device, Body 1.6 x 0.8 mm"; VariantName = "[No Variations]"
Add component (AddParameter): Name = "Package Quantity"; Value = "5000"; VariantName = "[No Variations]"
Add component (AddParameter): Name = "Package Reference"; Value = "0603"; VariantName = "[No Variations]"
Add component (AddParameter): Name = "Packaging"; Value = "TapeandReel"; VariantName = "[No Variations]"
Add component (AddParameter): Name = "Power Rating"; Value = "100mW"; VariantName = "[No Variations]"
Add component (AddParameter): Name = "Radiation Hardening"; Value = "No"; VariantName = "[No Variations]"
Add component (AddParameter): Name = "REACH SVHC"; Value = "NoSVHC"; VariantName = "[No Variations]"
Add component (AddParameter): Name = "Resistance"; Value = "0mOhm"; VariantName = "[No Variations]"
Add component (AddParameter): Name = "RoHSCompliant"; Value = "true"; VariantName = "[No Variations]"
Add component (AddParameter): Name = "Temperature Coefficient"; Value = "200ppm/degreesC"; VariantName = "[No Variations]"
Add component (AddParameter): Name = "Termination"; Value = "SMD/SMT"; VariantName = "[No Variations]"
Add component (AddParameter): Name = "Tolerance"; Value = "5%"; VariantName = "[No Variations]"
Add component (AddParameter): Name = "Voltage Rating"; Value = "50V"; VariantName = "[No Variations]"
Add component (AddParameter): Name = "Voltage Rating (DC)"; Value = "50V"; VariantName = "[No Variations]"
Add component (AddParameter): Name = "Width"; Value = "0.8mm"; VariantName = "[No Variations]"
Added Component: Designator=R2(GeneralCap)
Add component (AddParameter): Name = "R"; Value = "100"; VariantName = "[No Variations]"
Added Component: Designator=R3(GeneralCap)
Add component (AddParameter): Name = "R"; Value = "11k"; VariantName = "[No Variations]"
Added Component: Designator=R4(GeneralCap)
Add component (AddParameter): Name = "R"; Value = "110k"; VariantName = "[No Variations]"
Added Component: Designator=R5(GeneralCap)
Add component (AddParameter): Name = "R"; Value = "33k"; VariantName = "[No Variations]"
Added Component: Designator=R6(GeneralCap)
Add component (AddParameter): Name = "R"; Value = "4.3k"; VariantName = "[No Variations]"
Added Component: Designator=R7(GeneralCap)
Add component (AddParameter): Name = "R"; Value = "22k"; VariantName = "[No Variations]"
Added Component: Designator=R8(GeneralCap)
Add component (AddParameter): Name = "R"; Value = "100k"; VariantName = "[No Variations]"
Added Component: Designator=R9(GeneralCap)
Add component (AddParameter): Name = "R"; Value = "10k"; VariantName = "[No Variations]"
Added Component: Designator=R10(GeneralCap)
Add component (AddParameter): Name = "R"; Value = "1M"; VariantName = "[No Variations]"
Added Component: Designator=R11(GeneralCap)
Add component (AddParameter): Name = "R"; Value = "1M"; VariantName = "[No Variations]"
Added Component: Designator=R12(GeneralCap)
Add component (AddParameter): Name = "R"; Value = "180k"; VariantName = "[No Variations]"
Added Component: Designator=R13(GeneralCap)
Add component (AddParameter): Name = "R"; Value = "?"; VariantName = "[No Variations]"
Added Component: Designator=R14(GeneralCap)
Add component (AddParameter): Name = "R"; Value = "2k"; VariantName = "[No Variations]"
Added Component: Designator=R15(GeneralCap)
Add component (AddParameter): Name = "R"; Value = "?"; VariantName = "[No Variations]"
Added Component: Designator=R16(GeneralCap)
Add component (AddParameter): Name = "R"; Value = "?"; VariantName = "[No Variations]"
Added Component: Designator=R17(GeneralCap)
Add component (AddParameter): Name = "R"; Value = "?"; VariantName = "[No Variations]"
Added Component: Designator=R18(GeneralCap)
Add component (AddParameter): Name = "R"; Value = "?"; VariantName = "[No Variations]"
Added Component: Designator=R19(GeneralCap)
Add component (AddParameter): Name = "R"; Value = "0"; VariantName = "[No Variations]"
Added Component: Designator=SW1(SO4_222A-M-V-B_CTS)
Add component (AddParameter): Name = "Mfr_Name"; Value = "CTS Components"; VariantName = "[No Variations]"
Add component (AddParameter): Name = "RefDes"; Value = "RefDes"; VariantName = "[No Variations]"
Add component (AddParameter): Name = "Type"; Value = "Tactile Switches"; VariantName = "[No Variations]"
Added Component: Designator=SW2(SO4_222A-M-V-B_CTS)
Add component (AddParameter): Name = "Mfr_Name"; Value = "CTS Components"; VariantName = "[No Variations]"
Add component (AddParameter): Name = "RefDes"; Value = "RefDes"; VariantName = "[No Variations]"
Add component (AddParameter): Name = "Type"; Value = "Tactile Switches"; VariantName = "[No Variations]"
Added Component: Designator=U1(FP-CP-16-19-IPC_C)
Add component (AddParameter): Name = "-3db Bandwidth"; Value = "1.2MHz"; VariantName = "[No Variations]"
Add component (AddParameter): Name = "Amplifier Type"; Value = "INSTRUMENTATION AMPLIFIER"; VariantName = "[No Variations]"
Add component (AddParameter): Name = "Bandwidth"; Value = "1.2MHz"; VariantName = "[No Variations]"
Add component (AddParameter): Name = "Case/Package"; Value = "VQFN"; VariantName = "[No Variations]"
Add component (AddParameter): Name = "Common Mode Rejection Ratio"; Value = "140dB"; VariantName = "[No Variations]"
Add component (AddParameter): Name = "Contact Plating"; Value = "Tin"; VariantName = "[No Variations]"
Add component (AddParameter): Name = "Dual Supply Voltage"; Value = "9V"; VariantName = "[No Variations]"
Add component (AddParameter): Name = "Gain Bandwidth Product"; Value = "1MHz"; VariantName = "[No Variations]"
Add component (AddParameter): Name = "Height"; Value = "0.83mm"; VariantName = "[No Variations]"
Add component (AddParameter): Name = "Input Bias Current"; Value = "800pA"; VariantName = "[No Variations]"
Add component (AddParameter): Name = "Input Offset Voltage (Vos)"; Value = "120uV"; VariantName = "[No Variations]"
Add component (AddParameter): Name = "Input Resistance"; Value = "100GR"; VariantName = "[No Variations]"
Add component (AddParameter): Name = "Lead Free"; Value = "Contains Lead"; VariantName = "[No Variations]"
Add component (AddParameter): Name = "Length"; Value = "4mm"; VariantName = "[No Variations]"
Add component (AddParameter): Name = "Max Dual Supply Voltage"; Value = "18V"; VariantName = "[No Variations]"
Add component (AddParameter): Name = "Max Operating Temperature"; Value = "85°C"; VariantName = "[No Variations]"
Add component (AddParameter): Name = "Max Supply Voltage"; Value = "18V"; VariantName = "[No Variations]"
Add component (AddParameter): Name = "Min Dual Supply Voltage"; Value = "2.3V"; VariantName = "[No Variations]"
Add component (AddParameter): Name = "Min Operating Temperature"; Value = "-40°C"; VariantName = "[No Variations]"
Add component (AddParameter): Name = "Min Supply Voltage"; Value = "2.3V"; VariantName = "[No Variations]"
Add component (AddParameter): Name = "Mount"; Value = "Surface Mount"; VariantName = "[No Variations]"
Add component (AddParameter): Name = "Nominal Supply Current"; Value = "2mA"; VariantName = "[No Variations]"
Add component (AddParameter): Name = "Number of Amplifiers"; Value = "2"; VariantName = "[No Variations]"
Add component (AddParameter): Name = "Number of Channels"; Value = "3"; VariantName = "[No Variations]"
Add component (AddParameter): Name = "Number of Circuits"; Value = "3"; VariantName = "[No Variations]"
Add component (AddParameter): Name = "Number of Elements"; Value = "1"; VariantName = "[No Variations]"
Add component (AddParameter): Name = "Number of Pins"; Value = "16"; VariantName = "[No Variations]"
Add component (AddParameter): Name = "Operating Supply Current"; Value = "2.3mA"; VariantName = "[No Variations]"
Add component (AddParameter): Name = "Output Current per Channel"; Value = "18mA"; VariantName = "[No Variations]"
Add component (AddParameter): Name = "Package Quantity"; Value = "64"; VariantName = "[No Variations]"
Add component (AddParameter): Name = "Packaging"; Value = "Waffle"; VariantName = "[No Variations]"
Add component (AddParameter): Name = "Power Supply Rejection Ratio (PSRR)"; Value = "150dB"; VariantName = "[No Variations]"
Add component (AddParameter): Name = "Reach SVHC Compliant"; Value = "Yes"; VariantName = "[No Variations]"
Add component (AddParameter): Name = "RoHS Compliant"; Value = "Yes"; VariantName = "[No Variations]"
Add component (AddParameter): Name = "Series"; Value = "-"; VariantName = "[No Variations]"
Add component (AddParameter): Name = "Slew Rate"; Value = "2V/µs"; VariantName = "[No Variations]"
Add component (AddParameter): Name = "Supply Current"; Value = "2mA"; VariantName = "[No Variations]"
Add component (AddParameter): Name = "Voltage Gain"; Value = "60dB"; VariantName = "[No Variations]"
Add component (AddParameter): Name = "Width"; Value = "4mm"; VariantName = "[No Variations]"
Added Component: Designator=U2(FP-DPD0012A-MFG)
Add component (AddParameter): Name = "Case/Package"; Value = "QFN"; VariantName = "[No Variations]"
Add component (AddParameter): Name = "Lead Free"; Value = "Lead Free"; VariantName = "[No Variations]"
Add component (AddParameter): Name = "Max Operating Temperature"; Value = "85°C"; VariantName = "[No Variations]"
Add component (AddParameter): Name = "Max Supply Voltage"; Value = "5V"; VariantName = "[No Variations]"
Add component (AddParameter): Name = "Min Operating Temperature"; Value = "-40°C"; VariantName = "[No Variations]"
Add component (AddParameter): Name = "Min Supply Voltage"; Value = "2.9V"; VariantName = "[No Variations]"
Add component (AddParameter): Name = "Mount"; Value = "Surface Mount"; VariantName = "[No Variations]"
Add component (AddParameter): Name = "Number of Channels"; Value = "2"; VariantName = "[No Variations]"
Add component (AddParameter): Name = "Number of Outputs"; Value = "2"; VariantName = "[No Variations]"
Add component (AddParameter): Name = "Number of Pins"; Value = "12"; VariantName = "[No Variations]"
Add component (AddParameter): Name = "Output Voltage"; Value = "-5V"; VariantName = "[No Variations]"
Add component (AddParameter): Name = "Package Quantity"; Value = "3000"; VariantName = "[No Variations]"
Add component (AddParameter): Name = "Packaging"; Value = "Tape and Reel"; VariantName = "[No Variations]"
Add component (AddParameter): Name = "Radiation Hardening"; Value = "No"; VariantName = "[No Variations]"
Add component (AddParameter): Name = "RoHS Compliant"; Value = "Yes"; VariantName = "[No Variations]"
Added Component: Designator=U3(INSE-QFN-24-1700X1540TP_M)
Add component (AddParameter): Name = "Case/Package"; Value = "QFN"; VariantName = "[No Variations]"
Add component (AddParameter): Name = "Datasheet URL"; Value = "http://datasheet.octopart.com/MPU-9250-InvenSense-datasheet-21859386.pdf"; VariantName = "[No Variations]"
Add component (AddParameter): Name = "Datasheet Version"; Value = "Rev. 1.0, 01/2014"; VariantName = "[No Variations]"
Add component (AddParameter): Name = "Height"; Value = "1mm"; VariantName = "[No Variations]"
Add component (AddParameter): Name = "Length"; Value = "3.1mm"; VariantName = "[No Variations]"
Add component (AddParameter): Name = "Manufacturer"; Value = "InvenSense"; VariantName = "[No Variations]"
Add component (AddParameter): Name = "Manufacturer URL"; Value = "http://www.invensense.com/"; VariantName = "[No Variations]"
Add component (AddParameter): Name = "Max Operating Temperature"; Value = "85degC"; VariantName = "[No Variations]"
Add component (AddParameter): Name = "Max Supply Voltage"; Value = "3.6V"; VariantName = "[No Variations]"
Add component (AddParameter): Name = "Min Operating Temperature"; Value = "-40degC"; VariantName = "[No Variations]"
Add component (AddParameter): Name = "Min Supply Voltage"; Value = "2.4V"; VariantName = "[No Variations]"
Add component (AddParameter): Name = "Mount"; Value = "SurfaceMount"; VariantName = "[No Variations]"
Add component (AddParameter): Name = "Package Description"; Value = "24-Pin Quad Flat No-lead Package, Body 3 x 3 mm, Pitch 0.4 mm"; VariantName = "[No Variations]"
Add component (AddParameter): Name = "Package Quantity"; Value = "1"; VariantName = "[No Variations]"
Add component (AddParameter): Name = "Package Reference"; Value = "QFN-24"; VariantName = "[No Variations]"
Add component (AddParameter): Name = "RoHSCompliant"; Value = "true"; VariantName = "[No Variations]"
Add component (AddParameter): Name = "Width"; Value = "3.1mm"; VariantName = "[No Variations]"
Added Component: Designator=U4(XCVR_ESP32-S3-WROOM-2-N32R8V)
Add component (AddParameter): Name = "Check_prices"; Value = "https://www.snapeda.com/parts/ESP32-S3-WROOM-2-N32R8V/Espressif+Systems/view-part/?ref=eda"; VariantName = "[No Variations]"
Add component (AddParameter): Name = "MF"; Value = "Espressif Systems"; VariantName = "[No Variations]"
Add component (AddParameter): Name = "MP"; Value = "ESP32-S3-WROOM-2-N32R8V"; VariantName = "[No Variations]"
Add component (AddParameter): Name = "Package"; Value = "None"; VariantName = "[No Variations]"
Add component (AddParameter): Name = "SnapEDA_Link"; Value = "https://www.snapeda.com/parts/ESP32-S3-WROOM-2-N32R8V/Espressif+Systems/view-part/?ref=snap"; VariantName = "[No Variations]"
Add component (AddParameter): Name = "Value"; Value = ""; VariantName = "[No Variations]"
Added Component: Designator=U5(IC_TPS63021DSJR)
Add component (AddParameter): Name = "Availability"; Value = "Unavailable"; VariantName = "[No Variations]"
Add component (AddParameter): Name = "MF"; Value = ""; VariantName = "[No Variations]"
Add component (AddParameter): Name = "MP"; Value = "TPS63021DSJR"; VariantName = "[No Variations]"
Add component (AddParameter): Name = "Package"; Value = "None"; VariantName = "[No Variations]"
Add component (AddParameter): Name = "Price"; Value = "None"; VariantName = "[No Variations]"
Add component (AddParameter): Name = "Value"; Value = ""; VariantName = "[No Variations]"
Added Pin To Net: NetName=avin Pin=b1-bv+
Added Pin To Net: NetName=gnd Pin=b1-bv-
Added Pin To Net: NetName=avin Pin=C1-1
Added Pin To Net: NetName=gnd Pin=C1-2
Added Pin To Net: NetName=avin Pin=C2-1
Added Pin To Net: NetName=gnd Pin=C2-2
Added Pin To Net: NetName=gnd Pin=C3-1
Added Pin To Net: NetName=Vp Pin=C3-2
Added Pin To Net: NetName=gnd Pin=C4-1
Added Pin To Net: NetName=Vn Pin=C4-2
Added Pin To Net: NetName=v1 Pin=C5-1
Added Pin To Net: NetName=gnd Pin=C5-2
Added Pin To Net: NetName=v2 Pin=C6-1
Added Pin To Net: NetName=v4 Pin=C6-2
Added Pin To Net: NetName=v3 Pin=C7-1
Added Pin To Net: NetName=gnd Pin=C7-2
Added Pin To Net: NetName=v4 Pin=C8-1
Added Pin To Net: NetName=v5 Pin=C8-2
Added Pin To Net: NetName=v5 Pin=C9-1
Added Pin To Net: NetName=v6 Pin=C9-2
Added Pin To Net: NetName=v6 Pin=C10-1
Added Pin To Net: NetName=v7 Pin=C10-2
Added Pin To Net: NetName=vdd Pin=C11-1
Added Pin To Net: NetName=gnd Pin=C11-2
Added Pin To Net: NetName=regout Pin=C12-1
Added Pin To Net: NetName=gnd Pin=C12-2
Added Pin To Net: NetName=vdd Pin=C13-1
Added Pin To Net: NetName=gnd Pin=C13-2
Added Pin To Net: NetName=gnd Pin=C14-2
Added Pin To Net: NetName=gnd Pin=C15-2
Added Pin To Net: NetName=gnd Pin=C16-2
Added Pin To Net: NetName=gnd Pin=C17-2
Added Pin To Net: NetName=gnd Pin=C18-2
Added Pin To Net: NetName=gnd Pin=C19-2
Added Pin To Net: NetName=avin Pin=C20-1
Added Pin To Net: NetName=gnd Pin=C20-2
Added Pin To Net: NetName=avin Pin=C21-1
Added Pin To Net: NetName=gnd Pin=C21-2
Added Pin To Net: NetName=gnd Pin=C22-2
Added Pin To Net: NetName=gnd Pin=C23-2
Added Pin To Net: NetName=gnd Pin=D1-2
Added Pin To Net: NetName=gnd Pin=D1-3
Added Pin To Net: NetName=gnd Pin=D1-5
Added Pin To Net: NetName=+in Pin=e1-in+
Added Pin To Net: NetName=-in Pin=e1-in-
Added Pin To Net: NetName=ref Pin=e1-ref
Added Pin To Net: NetName=gnd Pin=J1-A1_B12
Added Pin To Net: NetName=gnd Pin=J1-B1_A12
Added Pin To Net: NetName=gnd Pin=J1-SH1
Added Pin To Net: NetName=gnd Pin=J1-SH2
Added Pin To Net: NetName=gnd Pin=J1-SH3
Added Pin To Net: NetName=gnd Pin=J1-SH4
Added Pin To Net: NetName=gnd Pin=J2-2
Added Pin To Net: NetName=avin Pin=J2-3
Added Pin To Net: NetName=avin Pin=L1-1
Added Pin To Net: NetName=NetL1_2 Pin=L1-2
Added Pin To Net: NetName=NetL2_1 Pin=L2-1
Added Pin To Net: NetName=gnd Pin=L2-2
Added Pin To Net: NetName=+in Pin=P2-17
Added Pin To Net: NetName=ref Pin=P2-18
Added Pin To Net: NetName=-in Pin=P2-19
Added Pin To Net: NetName=analog_out Pin=P2-20
Added Pin To Net: NetName=avin Pin=R1-1
Added Pin To Net: NetName=NetR1_2 Pin=R1-2
Added Pin To Net: NetName=rg1 Pin=R2-1
Added Pin To Net: NetName=rg2 Pin=R2-2
Added Pin To Net: NetName=vout Pin=R3-1
Added Pin To Net: NetName=v1 Pin=R3-2
Added Pin To Net: NetName=v1 Pin=R4-1
Added Pin To Net: NetName=v2 Pin=R4-2
Added Pin To Net: NetName=v2 Pin=R5-1
Added Pin To Net: NetName=v3 Pin=R5-2
Added Pin To Net: NetName=v5 Pin=R6-1
Added Pin To Net: NetName=gnd Pin=R6-2
Added Pin To Net: NetName=v6 Pin=R7-1
Added Pin To Net: NetName=analog_out Pin=R7-2
Added Pin To Net: NetName=v7 Pin=R8-1
Added Pin To Net: NetName=gnd Pin=R8-2
Added Pin To Net: NetName=gnd Pin=R12-2
Added Pin To Net: NetName=gnd Pin=R13-2
Added Pin To Net: NetName=gnd Pin=R14-1
Added Pin To Net: NetName=gnd Pin=R15-2
Added Pin To Net: NetName=gnd Pin=R16-2
Added Pin To Net: NetName=gnd Pin=R17-2
Added Pin To Net: NetName=gnd Pin=R18-2
Added Pin To Net: NetName=ref Pin=R19-1
Added Pin To Net: NetName=gnd Pin=R19-2
Added Pin To Net: NetName=gnd Pin=SW1-2
Added Pin To Net: NetName=gnd Pin=SW1-4
Added Pin To Net: NetName=gnd Pin=SW2-2
Added Pin To Net: NetName=gnd Pin=SW2-4
Added Pin To Net: NetName=-in Pin=U1-1
Added Pin To Net: NetName=rg1 Pin=U1-2
Added Pin To Net: NetName=rg2 Pin=U1-3
Added Pin To Net: NetName=+in Pin=U1-4
Added Pin To Net: NetName=Vn Pin=U1-5
Added Pin To Net: NetName=ref Pin=U1-6
Added Pin To Net: NetName=analog_out Pin=U1-7
Added Pin To Net: NetName=analog_out Pin=U1-9
Added Pin To Net: NetName=v7 Pin=U1-11
Added Pin To Net: NetName=v4 Pin=U1-12
Added Pin To Net: NetName=v4 Pin=U1-13
Added Pin To Net: NetName=v3 Pin=U1-14
Added Pin To Net: NetName=vout Pin=U1-15
Added Pin To Net: NetName=Vp Pin=U1-16
Added Pin To Net: NetName=NetL1_2 Pin=U2-1
Added Pin To Net: NetName=gnd Pin=U2-2
Added Pin To Net: NetName=Vp Pin=U2-3
Added Pin To Net: NetName=gnd Pin=U2-4
Added Pin To Net: NetName=gnd Pin=U2-5
Added Pin To Net: NetName=gnd Pin=U2-6
Added Pin To Net: NetName=NetR1_2 Pin=U2-7
Added Pin To Net: NetName=gnd Pin=U2-8
Added Pin To Net: NetName=Vn Pin=U2-9
Added Pin To Net: NetName=NetL2_1 Pin=U2-10
Added Pin To Net: NetName=avin Pin=U2-11
Added Pin To Net: NetName=avin Pin=U2-12
Added Pin To Net: NetName=gnd Pin=U2-13
Added Pin To Net: NetName=vdd Pin=U3-1
Added Pin To Net: NetName=vdd Pin=U3-8
Added Pin To Net: NetName=miso Pin=U3-9
Added Pin To Net: NetName=regout Pin=U3-10
Added Pin To Net: NetName=gnd Pin=U3-11
Added Pin To Net: NetName=int Pin=U3-12
Added Pin To Net: NetName=vdd Pin=U3-13
Added Pin To Net: NetName=gnd Pin=U3-18
Added Pin To Net: NetName=vdd Pin=U3-19
Added Pin To Net: NetName=vdd Pin=U3-20
Added Pin To Net: NetName=cs Pin=U3-22
Added Pin To Net: NetName=sclk Pin=U3-23
Added Pin To Net: NetName=mosi Pin=U3-24
Added Pin To Net: NetName=gnd Pin=U3-25
Added Pin To Net: NetName=gnd Pin=U4-1
Added Pin To Net: NetName=sclk Pin=U4-7
Added Pin To Net: NetName=mosi Pin=U4-12
Added Pin To Net: NetName=miso Pin=U4-17
Added Pin To Net: NetName=cs Pin=U4-18
Added Pin To Net: NetName=int Pin=U4-19
Added Pin To Net: NetName=gnd Pin=U4-40
Added Pin To Net: NetName=gnd Pin=U4-41_1
Added Pin To Net: NetName=gnd Pin=U4-41_2
Added Pin To Net: NetName=gnd Pin=U4-41_3
Added Pin To Net: NetName=gnd Pin=U4-41_4
Added Pin To Net: NetName=gnd Pin=U4-41_5
Added Pin To Net: NetName=gnd Pin=U4-41_6
Added Pin To Net: NetName=gnd Pin=U4-41_7
Added Pin To Net: NetName=gnd Pin=U4-41_8
Added Pin To Net: NetName=gnd Pin=U4-41_9
Added Pin To Net: NetName=gnd Pin=U5-2
Added Pin To Net: NetName=avin Pin=U5-10
Added Pin To Net: NetName=avin Pin=U5-11
Added Pin To Net: NetName=gnd Pin=U5-15
Added Pin To Net: NetName=3v3 Pin=C14-1
Added Pin To Net: NetName=3v3 Pin=C15-1
Added Pin To Net: NetName=3v3 Pin=C17-1
Added Pin To Net: NetName=3v3 Pin=C18-1
Added Pin To Net: NetName=3v3 Pin=C22-1
Added Pin To Net: NetName=3v3 Pin=R9-2
Added Pin To Net: NetName=3v3 Pin=R10-1
Added Pin To Net: NetName=3v3 Pin=R11-1
Added Pin To Net: NetName=3v3 Pin=U4-2
Added Pin To Net: NetName=3v3 Pin=U5-4
Added Pin To Net: NetName=3v3 Pin=U5-5
Added Net: Name=3v3
Added Pin To Net: NetName=5v Pin=D1-1
Added Pin To Net: NetName=5v Pin=J1-A4_B9
Added Pin To Net: NetName=5v Pin=J1-B4_A9
Added Pin To Net: NetName=5v Pin=J2-4
Added Net: Name=5v
Added Pin To Net: NetName=boot Pin=C23-1
Added Pin To Net: NetName=boot Pin=SW2-1
Added Pin To Net: NetName=boot Pin=SW2-3
Added Pin To Net: NetName=boot Pin=U4-27
Added Net: Name=boot
Added Pin To Net: NetName=fb Pin=R11-2
Added Pin To Net: NetName=fb Pin=R12-1
Added Pin To Net: NetName=fb Pin=U5-3
Added Net: Name=fb
Added Pin To Net: NetName=io12 Pin=led2-1
Added Pin To Net: NetName=io12 Pin=U4-20
Added Net: Name=io12
Added Pin To Net: NetName=io13 Pin=led3-1
Added Pin To Net: NetName=io13 Pin=U4-21
Added Net: Name=io13
Added Pin To Net: NetName=io14 Pin=led4-1
Added Pin To Net: NetName=io14 Pin=U4-22
Added Net: Name=io14
Added Pin To Net: NetName=io15 Pin=led5-1
Added Pin To Net: NetName=io15 Pin=U4-8
Added Net: Name=io15
Added Pin To Net: NetName=l1 Pin=L3-2
Added Pin To Net: NetName=l1 Pin=U5-8
Added Pin To Net: NetName=l1 Pin=U5-9
Added Net: Name=l1
Added Pin To Net: NetName=l2 Pin=L3-1
Added Pin To Net: NetName=l2 Pin=U5-6
Added Pin To Net: NetName=l2 Pin=U5-7
Added Net: Name=l2
Added Pin To Net: NetName=NetC16_1 Pin=C16-1
Added Pin To Net: NetName=NetC16_1 Pin=R9-1
Added Pin To Net: NetName=NetC16_1 Pin=SW1-1
Added Pin To Net: NetName=NetC16_1 Pin=SW1-3
Added Pin To Net: NetName=NetC16_1 Pin=U4-3
Added Net: Name=NetC16_1
Added Pin To Net: NetName=NetC19_1 Pin=C19-1
Added Pin To Net: NetName=NetC19_1 Pin=U5-1
Added Pin To Net: NetName=NetC19_1 Pin=U5-12
Added Pin To Net: NetName=NetC19_1 Pin=U5-13
Added Net: Name=NetC19_1
Added Pin To Net: NetName=NetJ2_1 Pin=J2-1
Added Pin To Net: NetName=NetJ2_1 Pin=led1-1
Added Net: Name=NetJ2_1
Added Pin To Net: NetName=NetJ2_5 Pin=J2-5
Added Pin To Net: NetName=NetJ2_5 Pin=R14-2
Added Net: Name=NetJ2_5
Added Pin To Net: NetName=Netled1_2 Pin=led1-2
Added Pin To Net: NetName=Netled1_2 Pin=R13-1
Added Net: Name=Netled1_2
Added Pin To Net: NetName=Netled2_2 Pin=led2-2
Added Pin To Net: NetName=Netled2_2 Pin=R15-1
Added Net: Name=Netled2_2
Added Pin To Net: NetName=Netled3_2 Pin=led3-2
Added Pin To Net: NetName=Netled3_2 Pin=R16-1
Added Net: Name=Netled3_2
Added Pin To Net: NetName=Netled4_2 Pin=led4-2
Added Pin To Net: NetName=Netled4_2 Pin=R17-1
Added Net: Name=Netled4_2
Added Pin To Net: NetName=Netled5_2 Pin=led5-2
Added Pin To Net: NetName=Netled5_2 Pin=R18-1
Added Net: Name=Netled5_2
Added Pin To Net: NetName=p7 Pin=P2-7
Added Pin To Net: NetName=p7 Pin=U4-39
Added Net: Name=p7
Added Pin To Net: NetName=p8 Pin=P2-8
Added Pin To Net: NetName=p8 Pin=U4-38
Added Net: Name=p8
Added Pin To Net: NetName=p9 Pin=P2-9
Added Pin To Net: NetName=p9 Pin=U4-15
Added Net: Name=p9
Added Pin To Net: NetName=p10 Pin=P2-10
Added Pin To Net: NetName=p10 Pin=U4-4
Added Net: Name=p10
Added Pin To Net: NetName=p11 Pin=P2-11
Added Pin To Net: NetName=p11 Pin=U4-5
Added Net: Name=p11
Added Pin To Net: NetName=p12 Pin=P2-12
Added Pin To Net: NetName=p12 Pin=U4-6
Added Net: Name=p12
Added Pin To Net: NetName=p13 Pin=P2-13
Added Pin To Net: NetName=p13 Pin=U4-26
Added Net: Name=p13
Added Pin To Net: NetName=p14 Pin=P2-14
Added Pin To Net: NetName=p14 Pin=U4-16
Added Net: Name=p14
Added Pin To Net: NetName=p15 Pin=P2-15
Added Pin To Net: NetName=p15 Pin=U4-24
Added Net: Name=p15
Added Pin To Net: NetName=p16 Pin=P2-16
Added Pin To Net: NetName=p16 Pin=U4-25
Added Net: Name=p16
Added Pin To Net: NetName=pg Pin=R10-2
Added Pin To Net: NetName=pg Pin=U5-14
Added Net: Name=pg
Added Pin To Net: NetName=rx Pin=P2-1
Added Pin To Net: NetName=rx Pin=U4-36
Added Net: Name=rx
Added Pin To Net: NetName=tck Pin=P2-3
Added Pin To Net: NetName=tck Pin=U4-32
Added Net: Name=tck
Added Pin To Net: NetName=tdi Pin=P2-5
Added Pin To Net: NetName=tdi Pin=U4-34
Added Net: Name=tdi
Added Pin To Net: NetName=tdo Pin=P2-4
Added Pin To Net: NetName=tdo Pin=U4-33
Added Net: Name=tdo
Added Pin To Net: NetName=tms Pin=P2-6
Added Pin To Net: NetName=tms Pin=U4-35
Added Net: Name=tms
Added Pin To Net: NetName=tx Pin=P2-2
Added Pin To Net: NetName=tx Pin=U4-37
Added Net: Name=tx
Added Pin To Net: NetName=usbDN Pin=D1-4
Added Pin To Net: NetName=usbDN Pin=J1-A7
Added Pin To Net: NetName=usbDN Pin=J1-B7
Added Pin To Net: NetName=usbDN Pin=U4-13
Added Net: Name=usbDN
Added Pin To Net: NetName=usbDP Pin=D1-6
Added Pin To Net: NetName=usbDP Pin=J1-A6
Added Pin To Net: NetName=usbDP Pin=J1-B6
Added Pin To Net: NetName=usbDP Pin=U4-14
Added Net: Name=usbDP
Added Member To Class: ClassName=esp32 Member=Component b1 battery pad
Added Member To Class: ClassName=analog Member=Component C1 C1608X5R1A106K080AC
Added Member To Class: ClassName=analog Member=Component C2 CGA3E2X7R1H104K080AA
Added Member To Class: ClassName=analog Member=Component C3 C1608X5R1A106K080AC
Added Member To Class: ClassName=analog Member=Component C4 C1608X5R1A106K080AC
Added Member To Class: ClassName=analog Member=Component C5 genCap
Added Member To Class: ClassName=analog Member=Component C6 genCap
Added Member To Class: ClassName=analog Member=Component C7 genCap
Added Member To Class: ClassName=analog Member=Component C8 genCap
Added Member To Class: ClassName=analog Member=Component C9 genCap
Added Member To Class: ClassName=analog Member=Component C10 genCap
Added Member To Class: ClassName=analog Member=Component C11 genCap
Added Member To Class: ClassName=analog Member=Component C12 genCap
Added Member To Class: ClassName=analog Member=Component C13 genCap
Added Member To Class: ClassName=esp32 Member=Component C14 genCap
Added Member To Class: ClassName=esp32 Member=Component C15 genCap
Added Member To Class: ClassName=esp32 Member=Component C16 genCap
Added Member To Class: ClassName=esp32 Member=Component C17 genCap
Added Member To Class: ClassName=esp32 Member=Component C18 genCap
Added Member To Class: ClassName=esp32 Member=Component C19 genCap
Added Member To Class: ClassName=esp32 Member=Component C20 genCap
Added Member To Class: ClassName=esp32 Member=Component C21 genCap
Added Member To Class: ClassName=esp32 Member=Component C22 genCap
Added Member To Class: ClassName=esp32 Member=Component C23 genCap
Added Member To Class: ClassName=esp32 Member=Component D1 ESDA6V1BC6
Added Member To Class: ClassName=analog Member=Component e1 electrode
Added Member To Class: ClassName=esp32 Member=Component J1 USB4105-GF-A-120
Added Member To Class: ClassName=esp32 Member=Component J2 MCP73831T-2ACI/OT
Added Member To Class: ClassName=analog Member=Component L1 1239AS-H-4R7M=P2
Added Member To Class: ClassName=analog Member=Component L2 1239AS-H-4R7M=P2
Added Member To Class: ClassName=esp32 Member=Component L3 XFL4020-152MEC
Added Member To Class: ClassName=esp32 Member=Component led1 led
Added Member To Class: ClassName=esp32 Member=Component led2 led
Added Member To Class: ClassName=esp32 Member=Component led3 led
Added Member To Class: ClassName=esp32 Member=Component led4 led
Added Member To Class: ClassName=esp32 Member=Component led5 led
Added Member To Class: ClassName=analog Member=Component P2 61302011121
Added Member To Class: ClassName=analog Member=Component R1 RC0603JR-070RL
Added Member To Class: ClassName=analog Member=Component R2 genRes
Added Member To Class: ClassName=analog Member=Component R3 genRes
Added Member To Class: ClassName=analog Member=Component R4 genRes
Added Member To Class: ClassName=analog Member=Component R5 genRes
Added Member To Class: ClassName=analog Member=Component R6 genRes
Added Member To Class: ClassName=analog Member=Component R7 genRes
Added Member To Class: ClassName=analog Member=Component R8 genRes
Added Member To Class: ClassName=esp32 Member=Component R9 genRes
Added Member To Class: ClassName=esp32 Member=Component R10 genRes
Added Member To Class: ClassName=esp32 Member=Component R11 genRes
Added Member To Class: ClassName=esp32 Member=Component R12 genRes
Added Member To Class: ClassName=esp32 Member=Component R13 genRes
Added Member To Class: ClassName=esp32 Member=Component R14 genRes
Added Member To Class: ClassName=esp32 Member=Component R15 genRes
Added Member To Class: ClassName=esp32 Member=Component R16 genRes
Added Member To Class: ClassName=esp32 Member=Component R17 genRes
Added Member To Class: ClassName=esp32 Member=Component R18 genRes
Added Member To Class: ClassName=analog Member=Component R19 genRes
Added Member To Class: ClassName=esp32 Member=Component SW1 222AMVBAR
Added Member To Class: ClassName=esp32 Member=Component SW2 222AMVBAR
Added Member To Class: ClassName=analog Member=Component U1 AD8295BCPZ-WP
Added Member To Class: ClassName=analog Member=Component U2 TPS65133DPDR
Added Member To Class: ClassName=analog Member=Component U3 MPU-9250
Added Member To Class: ClassName=esp32 Member=Component U4 ESP32-S3-WROOM-2-N32R8V
Added Member To Class: ClassName=esp32 Member=Component U5 TPS63021DSJR
