Remove Pin=*-in+ From Net=+in
Remove Pin=*-in- From Net=-in
Remove Pin=*-ref From Net=ref
Remove Pin=b1-b_v+ From Net=vbat
Remove Pin=b1-b_v- From Net=gnd
Remove Pin=C1-1 From Net=avin
Remove Pin=C2-1 From Net=avin
Remove Pin=C5-1 From Net=v1
Remove Pin=C5-2 From Net=gnd
Remove Pin=C6-1 From Net=v2
Remove Pin=C6-2 From Net=v4
Remove Pin=C7-1 From Net=v3
Remove Pin=C7-2 From Net=gnd
Remove Pin=C8-1 From Net=v4
Remove Pin=C8-2 From Net=v5
Remove Pin=C9-1 From Net=v5
Remove Pin=C9-2 From Net=v6
Remove Pin=C10-1 From Net=v6
Remove Pin=C10-2 From Net=v7
Remove Pin=C11-1 From Net=vdd
Remove Pin=C11-2 From Net=gnd
Remove Pin=C12-1 From Net=regout
Remove Pin=C12-2 From Net=gnd
Remove Pin=C13-1 From Net=vdd
Remove Pin=C13-2 From Net=gnd
Remove Pin=D1-3 From Net=gnd
Remove Pin=J2-3 From Net=vbat
Remove Pin=P2-17 From Net=+in
Remove Pin=P2-18 From Net=ref
Remove Pin=P2-19 From Net=-in
Remove Pin=P2-20 From Net=analog_out
Remove Pin=R1-1 From Net=avin
Remove Pin=R2-1 From Net=rg1
Remove Pin=R2-2 From Net=rg2
Remove Pin=R3-1 From Net=vout
Remove Pin=R3-2 From Net=v1
Remove Pin=R4-1 From Net=v1
Remove Pin=R4-2 From Net=v2
Remove Pin=R5-1 From Net=v2
Remove Pin=R5-2 From Net=v3
Remove Pin=R6-1 From Net=v5
Remove Pin=R6-2 From Net=gnd
Remove Pin=R7-1 From Net=v6
Remove Pin=R7-2 From Net=analog_out
Remove Pin=R8-1 From Net=v7
Remove Pin=R8-2 From Net=gnd
Remove Pin=R19-1 From Net=ref
Remove Pin=U1-1 From Net=-in
Remove Pin=U1-2 From Net=rg1
Remove Pin=U1-3 From Net=rg2
Remove Pin=U1-4 From Net=+in
Remove Pin=U1-5 From Net=Vn
Remove Pin=U1-6 From Net=ref
Remove Pin=U1-7 From Net=analog_out
Remove Pin=U1-9 From Net=analog_out
Remove Pin=U1-11 From Net=v7
Remove Pin=U1-12 From Net=v4
Remove Pin=U1-13 From Net=v4
Remove Pin=U1-14 From Net=v3
Remove Pin=U1-15 From Net=vout
Remove Pin=U1-16 From Net=Vp
Remove Pin=U3A-8 From Net=vdd
Remove Pin=U3A-9 From Net=miso
Remove Pin=U3A-10 From Net=regout
Remove Pin=U3A-11 From Net=gnd
Remove Pin=U3A-12 From Net=int
Remove Pin=U3A-13 From Net=vdd
Remove Pin=U3A-22 From Net=cs
Remove Pin=U3A-23 From Net=sclk
Remove Pin=U3A-24 From Net=mosi
Remove Pin=U4-7 From Net=sclk
Remove Pin=U4-12 From Net=mosi
Remove Pin=U4-17 From Net=miso
Remove Pin=U4-18 From Net=cs
Remove Pin=U4-19 From Net=int
