Add Component: Footprint Not Found QFN50P500X500X80-29N
Add Component: Footprint Not Found SOT-23_ONS
Add Component: Footprint Not Found SOT-23_ONS
Add Pin To Net: Unknown Pin: Pin U8-3
Add Pin To Net: Unknown Pin: Pin U8-4
Add Pin To Net: Unknown Pin: Pin U8-5
Add Pin To Net: Unknown Pin: Pin U8-6
Add Pin To Net: Unknown Pin: Pin U8-7
Add Pin To Net: Unknown Pin: Pin U8-8
Add Pin To Net: Unknown Pin: Pin U8-9
Add Pin To Net: Unknown Pin: Pin U8-24
Add Pin To Net: Unknown Pin: Pin U8-25
Add Pin To Net: Unknown Pin: Pin U8-26
Add Pin To Net: Unknown Pin: Pin U8-28
Add Pin To Net: Unknown Pin: Pin U8-29
Add Pin To Net: Unknown Pin: Pin U9-1
Add Pin To Net: Unknown Pin: Pin U9-2
Add Pin To Net: Unknown Pin: Pin U9-3
Add Pin To Net: Unknown Pin: Pin U10-1
Add Pin To Net: Unknown Pin: Pin U10-2
Add Pin To Net: Unknown Pin: Pin U10-3
Add Class Member: Failed to add class member : Component U8 CP2102N-A02-GQFN28
Add Class Member: Failed to add class member : Component U9 KSC3265YMTF
Add Class Member: Failed to add class member : Component U10 KSC3265YMTF
