Replace Part b1 battery pad in C:\Users\wange\Desktop\course work\sEMG_Gesture_Control\pcb\analog_breakout_IMU\esp32.SchDoc with battery pad from sEMG_lib.IntLib
Replace Part C14 genCap in C:\Users\wange\Desktop\course work\sEMG_Gesture_Control\pcb\analog_breakout_IMU\esp32.SchDoc with genCap from seniorDesign.IntLib
Replace Part C15 genCap in C:\Users\wange\Desktop\course work\sEMG_Gesture_Control\pcb\analog_breakout_IMU\esp32.SchDoc with genCap from seniorDesign.IntLib
Replace Part C16 genCap in C:\Users\wange\Desktop\course work\sEMG_Gesture_Control\pcb\analog_breakout_IMU\esp32.SchDoc with genCap from seniorDesign.IntLib
Replace Part C17 genCap in C:\Users\wange\Desktop\course work\sEMG_Gesture_Control\pcb\analog_breakout_IMU\esp32.SchDoc with genCap from seniorDesign.IntLib
Replace Part C18 genCap in C:\Users\wange\Desktop\course work\sEMG_Gesture_Control\pcb\analog_breakout_IMU\esp32.SchDoc with genCap from seniorDesign.IntLib
Replace Part C19 genCap in C:\Users\wange\Desktop\course work\sEMG_Gesture_Control\pcb\analog_breakout_IMU\esp32.SchDoc with genCap from seniorDesign.IntLib
Replace Part C20 genCap in C:\Users\wange\Desktop\course work\sEMG_Gesture_Control\pcb\analog_breakout_IMU\esp32.SchDoc with genCap from seniorDesign.IntLib
Replace Part C21 genCap in C:\Users\wange\Desktop\course work\sEMG_Gesture_Control\pcb\analog_breakout_IMU\esp32.SchDoc with genCap from seniorDesign.IntLib
Replace Part C22 genCap in C:\Users\wange\Desktop\course work\sEMG_Gesture_Control\pcb\analog_breakout_IMU\esp32.SchDoc with genCap from seniorDesign.IntLib
Replace Part C23 genCap in C:\Users\wange\Desktop\course work\sEMG_Gesture_Control\pcb\analog_breakout_IMU\esp32.SchDoc with genCap from seniorDesign.IntLib
Replace Part D1 ESDA6V1BC6 in C:\Users\wange\Desktop\course work\sEMG_Gesture_Control\pcb\analog_breakout_IMU\esp32.SchDoc with ESDA6V1BC6 from ESDA6V1BC6.IntLib
Replace Part J1 USB4105-GF-A-120 in C:\Users\wange\Desktop\course work\sEMG_Gesture_Control\pcb\analog_breakout_IMU\esp32.SchDoc with USB4105-GF-A-120 from USB4105-GF-A-120.IntLib
Replace Part J2 MCP73831T-2ACI/OT in C:\Users\wange\Desktop\course work\sEMG_Gesture_Control\pcb\analog_breakout_IMU\esp32.SchDoc with MCP73831T-2ACI/OT from MCP73831T-2ACI_OT.IntLib
Replace Part L3 XFL4020-152MEC in C:\Users\wange\Desktop\course work\sEMG_Gesture_Control\pcb\analog_breakout_IMU\esp32.SchDoc with XFL4020-152MEC from XFL4020-152MEC.IntLib
Replace Part led1 genCap in C:\Users\wange\Desktop\course work\sEMG_Gesture_Control\pcb\analog_breakout_IMU\esp32.SchDoc with genCap from seniorDesign.IntLib
Replace Part led2 genCap in C:\Users\wange\Desktop\course work\sEMG_Gesture_Control\pcb\analog_breakout_IMU\esp32.SchDoc with genCap from seniorDesign.IntLib
Replace Part led3 genCap in C:\Users\wange\Desktop\course work\sEMG_Gesture_Control\pcb\analog_breakout_IMU\esp32.SchDoc with genCap from seniorDesign.IntLib
Replace Part led4 genCap in C:\Users\wange\Desktop\course work\sEMG_Gesture_Control\pcb\analog_breakout_IMU\esp32.SchDoc with genCap from seniorDesign.IntLib
Replace Part led5 genCap in C:\Users\wange\Desktop\course work\sEMG_Gesture_Control\pcb\analog_breakout_IMU\esp32.SchDoc with genCap from seniorDesign.IntLib
Replace Part R9 genRes in C:\Users\wange\Desktop\course work\sEMG_Gesture_Control\pcb\analog_breakout_IMU\esp32.SchDoc with genRes from seniorDesign.IntLib
Replace Part R10 genRes in C:\Users\wange\Desktop\course work\sEMG_Gesture_Control\pcb\analog_breakout_IMU\esp32.SchDoc with genRes from seniorDesign.IntLib
Replace Part R11 genRes in C:\Users\wange\Desktop\course work\sEMG_Gesture_Control\pcb\analog_breakout_IMU\esp32.SchDoc with genRes from seniorDesign.IntLib
Replace Part R12 genRes in C:\Users\wange\Desktop\course work\sEMG_Gesture_Control\pcb\analog_breakout_IMU\esp32.SchDoc with genRes from seniorDesign.IntLib
Replace Part R13 genRes in C:\Users\wange\Desktop\course work\sEMG_Gesture_Control\pcb\analog_breakout_IMU\esp32.SchDoc with genRes from seniorDesign.IntLib
Replace Part R14 genRes in C:\Users\wange\Desktop\course work\sEMG_Gesture_Control\pcb\analog_breakout_IMU\esp32.SchDoc with genRes from seniorDesign.IntLib
Replace Part R15 genRes in C:\Users\wange\Desktop\course work\sEMG_Gesture_Control\pcb\analog_breakout_IMU\esp32.SchDoc with genRes from seniorDesign.IntLib
Replace Part R16 genRes in C:\Users\wange\Desktop\course work\sEMG_Gesture_Control\pcb\analog_breakout_IMU\esp32.SchDoc with genRes from seniorDesign.IntLib
Replace Part R17 genRes in C:\Users\wange\Desktop\course work\sEMG_Gesture_Control\pcb\analog_breakout_IMU\esp32.SchDoc with genRes from seniorDesign.IntLib
Replace Part R18 genRes in C:\Users\wange\Desktop\course work\sEMG_Gesture_Control\pcb\analog_breakout_IMU\esp32.SchDoc with genRes from seniorDesign.IntLib
Replace Part SW1 222AMVBAR in C:\Users\wange\Desktop\course work\sEMG_Gesture_Control\pcb\analog_breakout_IMU\esp32.SchDoc with 222AMVBAR from 222AMVBAR.IntLib
Replace Part SW2 222AMVBAR in C:\Users\wange\Desktop\course work\sEMG_Gesture_Control\pcb\analog_breakout_IMU\esp32.SchDoc with 222AMVBAR from 222AMVBAR.IntLib
Replace Part U4 ESP32-S3-WROOM-2-N32R8V in C:\Users\wange\Desktop\course work\sEMG_Gesture_Control\pcb\analog_breakout_IMU\esp32.SchDoc with ESP32-S3-WROOM-2-N32R8V from ESP32-S3-WROOM-2-N32R8V.IntLib
Replace Part U5 TPS63021DSJR in C:\Users\wange\Desktop\course work\sEMG_Gesture_Control\pcb\analog_breakout_IMU\esp32.SchDoc with TPS63021DSJR from TPS63021DSJR.IntLib
